timestamp: 2015-11-13T13:08:54.190758
CREATE TABLE auth_user(
    id INTEGER PRIMARY KEY AUTOINCREMENT,
    username CHAR(128),
    screen_name CHAR(128),
    password CHAR(512),
    registration_key CHAR(512),
    reset_password_key CHAR(512),
    registration_id CHAR(512)
);
success!
timestamp: 2015-11-13T13:08:54.294507
CREATE TABLE auth_group(
    id INTEGER PRIMARY KEY AUTOINCREMENT,
    role CHAR(512),
    description TEXT
);
success!
timestamp: 2015-11-13T13:08:54.353191
CREATE TABLE auth_membership(
    id INTEGER PRIMARY KEY AUTOINCREMENT,
    user_id INTEGER REFERENCES auth_user (id) ON DELETE CASCADE  ,
    group_id INTEGER REFERENCES auth_group (id) ON DELETE CASCADE  
);
success!
timestamp: 2015-11-13T13:08:54.431532
CREATE TABLE auth_permission(
    id INTEGER PRIMARY KEY AUTOINCREMENT,
    group_id INTEGER REFERENCES auth_group (id) ON DELETE CASCADE  ,
    name CHAR(512),
    table_name CHAR(512),
    record_id INTEGER
);
success!
timestamp: 2015-11-13T13:08:54.508557
CREATE TABLE auth_event(
    id INTEGER PRIMARY KEY AUTOINCREMENT,
    time_stamp TIMESTAMP,
    client_ip CHAR(512),
    user_id INTEGER REFERENCES auth_user (id) ON DELETE CASCADE  ,
    origin CHAR(512),
    description TEXT
);
success!
timestamp: 2015-11-13T13:08:54.572486
CREATE TABLE auth_cas(
    id INTEGER PRIMARY KEY AUTOINCREMENT,
    user_id INTEGER REFERENCES auth_user (id) ON DELETE CASCADE  ,
    created_on TIMESTAMP,
    service CHAR(512),
    ticket CHAR(512),
    renew CHAR(1)
);
success!
timestamp: 2015-11-13T13:08:54.656338
CREATE TABLE comics(
    id INTEGER PRIMARY KEY AUTOINCREMENT,
    cover_image CHAR(512),
    title CHAR(512),
    issue_number CHAR(512),
    description CHAR(512),
    publisher CHAR(512),
    writer CHAR(512),
    artist CHAR(512)
);
success!
timestamp: 2015-11-13T13:08:54.724296
CREATE TABLE users(
    id INTEGER PRIMARY KEY AUTOINCREMENT,
    user_name CHAR(512),
    screen_name CHAR(512),
    password CHAR(512)
);
success!
timestamp: 2015-11-13T13:08:54.807737
CREATE TABLE boxes(
    id INTEGER PRIMARY KEY AUTOINCREMENT,
    name CHAR(512),
    user_id INTEGER REFERENCES users (id) ON DELETE CASCADE  ,
    date_created CHAR(512),
    privacy_settings CHAR(512)
);
success!
timestamp: 2015-11-13T13:08:54.878114
CREATE TABLE comics_in_boxes(
    id INTEGER PRIMARY KEY AUTOINCREMENT,
    comic_id INTEGER REFERENCES comics (id) ON DELETE CASCADE  ,
    box_id INTEGER REFERENCES boxes (id) ON DELETE CASCADE  
);
success!
